0 info it worked if it ends with ok
1 verbose cli [ 'node', '/usr/bin/npm', 'start' ]
2 info using npm@2.15.6
3 info using node@v0.10.43
4 verbose node symlink /usr/bin/node
5 verbose stack Error: missing script: start
5 verbose stack     at run (/usr/lib/node_modules/npm/lib/run-script.js:142:19)
5 verbose stack     at /usr/lib/node_modules/npm/lib/run-script.js:58:5
5 verbose stack     at /usr/lib/node_modules/npm/node_modules/read-package-json/read-json.js:356:5
5 verbose stack     at checkBinReferences_ (/usr/lib/node_modules/npm/node_modules/read-package-json/read-json.js:320:45)
5 verbose stack     at final (/usr/lib/node_modules/npm/node_modules/read-package-json/read-json.js:354:3)
5 verbose stack     at then (/usr/lib/node_modules/npm/node_modules/read-package-json/read-json.js:124:5)
5 verbose stack     at /usr/lib/node_modules/npm/node_modules/read-package-json/read-json.js:311:12
5 verbose stack     at /usr/lib/node_modules/npm/node_modules/graceful-fs/graceful-fs.js:78:16
5 verbose stack     at fs.js:272:14
5 verbose stack     at /usr/lib/node_modules/npm/node_modules/graceful-fs/graceful-fs.js:43:10
6 verbose cwd /home/ee7klt/Code/mdl-form
7 error Linux 3.10.18
8 error argv "node" "/usr/bin/npm" "start"
9 error node v0.10.43
10 error npm  v2.15.6
11 error missing script: start
12 error If you need help, you may report this error at:
12 error     <https://github.com/npm/npm/issues>
13 verbose exit [ 1, true ]
